<?xml version="1.0" encoding="UTF-8"?>
<testng-results ignored="0" total="1" passed="1" failed="0" skipped="0">
  <reporter-output>
  </reporter-output>
  <suite started-at="2021-04-26T16:12:32 IST" name="Default suite" finished-at="2021-04-26T16:13:19 IST" duration-ms="46233">
    <groups>
    </groups>
    <test started-at="2021-04-26T16:12:32 IST" name="Default test" finished-at="2021-04-26T16:13:19 IST" duration-ms="46233">
      <class name="WebDriverListener.MyTestListener">
        <test-method signature="UnderstandListener()[pri:0, instance:WebDriverListener.MyTestListener@693fe6c9]" started-at="2021-04-26T16:12:32 IST" name="UnderstandListener" finished-at="2021-04-26T16:13:19 IST" duration-ms="46177" status="PASS">
          <reporter-output>
          </reporter-output>
        </test-method> <!-- UnderstandListener -->
      </class> <!-- WebDriverListener.MyTestListener -->
    </test> <!-- Default test -->
  </suite> <!-- Default suite -->
</testng-results>
